{"C:\\Users\\Костя\\Desktop\\First\\vv-work\\src\\hooks\\useDebounce.ts": {"path":"C:\\Users\\Костя\\Desktop\\First\\vv-work\\src\\hooks\\useDebounce.ts","statementMap":{"0":{"start":{"line":4,"column":46},"end":{"line":4,"column":null}},"1":{"start":{"line":6,"column":2},"end":{"line":11,"column":null}},"2":{"start":{"line":7,"column":18},"end":{"line":9,"column":null}},"3":{"start":{"line":8,"column":6},"end":{"line":8,"column":null}},"4":{"start":{"line":10,"column":4},"end":{"line":10,"column":null}},"5":{"start":{"line":10,"column":17},"end":{"line":10,"column":null}},"6":{"start":{"line":13,"column":2},"end":{"line":13,"column":null}}},"fnMap":{"0":{"name":"useDebounce","decl":{"start":{"line":3,"column":16},"end":{"line":3,"column":31}},"loc":{"start":{"line":3,"column":65},"end":{"line":14,"column":null}},"line":3},"1":{"name":"(anonymous_1)","decl":{"start":{"line":6,"column":2},"end":{"line":6,"column":18}},"loc":{"start":{"line":6,"column":18},"end":{"line":11,"column":5}},"line":6},"2":{"name":"(anonymous_2)","decl":{"start":{"line":7,"column":18},"end":{"line":7,"column":35}},"loc":{"start":{"line":7,"column":35},"end":{"line":9,"column":7}},"line":7},"3":{"name":"(anonymous_3)","decl":{"start":{"line":10,"column":4},"end":{"line":10,"column":17}},"loc":{"start":{"line":10,"column":17},"end":{"line":10,"column":null}},"line":10}},"branchMap":{"0":{"loc":{"start":{"line":3,"column":41},"end":{"line":3,"column":65}},"type":"default-arg","locations":[{"start":{"line":3,"column":57},"end":{"line":3,"column":65}}],"line":3}},"s":{"0":8,"1":8,"2":6,"3":2,"4":6,"5":6,"6":8},"f":{"0":8,"1":6,"2":2,"3":6},"b":{"0":[8]},"meta":{"lastBranch":1,"lastFunction":4,"lastStatement":7,"seen":{"f:3:16:3:31":0,"b:3:57:3:65":0,"s:4:46:4:Infinity":0,"s:6:2:11:Infinity":1,"f:6:2:6:18":1,"s:7:18:9:Infinity":2,"f:7:18:7:35":2,"s:8:6:8:Infinity":3,"s:10:4:10:Infinity":4,"f:10:4:10:17":3,"s:10:17:10:Infinity":5,"s:13:2:13:Infinity":6},"fnNames":{}}}
,"C:\\Users\\Костя\\Desktop\\First\\vv-work\\src\\pages\\Contacts.tsx": {"path":"C:\\Users\\Костя\\Desktop\\First\\vv-work\\src\\pages\\Contacts.tsx","statementMap":{"0":{"start":{"line":5,"column":13},"end":{"line":81,"column":null}},"1":{"start":{"line":6,"column":26},"end":{"line":6,"column":null}},"2":{"start":{"line":7,"column":32},"end":{"line":7,"column":null}},"3":{"start":{"line":8,"column":30},"end":{"line":8,"column":null}},"4":{"start":{"line":9,"column":42},"end":{"line":9,"column":null}},"5":{"start":{"line":11,"column":8},"end":{"line":40,"column":null}},"6":{"start":{"line":12,"column":4},"end":{"line":12,"column":null}},"7":{"start":{"line":13,"column":4},"end":{"line":13,"column":null}},"8":{"start":{"line":16,"column":4},"end":{"line":19,"column":null}},"9":{"start":{"line":17,"column":6},"end":{"line":17,"column":null}},"10":{"start":{"line":18,"column":6},"end":{"line":18,"column":null}},"11":{"start":{"line":21,"column":4},"end":{"line":24,"column":null}},"12":{"start":{"line":22,"column":6},"end":{"line":22,"column":null}},"13":{"start":{"line":23,"column":6},"end":{"line":23,"column":null}},"14":{"start":{"line":27,"column":4},"end":{"line":30,"column":null}},"15":{"start":{"line":28,"column":6},"end":{"line":28,"column":null}},"16":{"start":{"line":29,"column":6},"end":{"line":29,"column":null}},"17":{"start":{"line":32,"column":4},"end":{"line":32,"column":null}},"18":{"start":{"line":33,"column":4},"end":{"line":39,"column":null}},"19":{"start":{"line":35,"column":8},"end":{"line":35,"column":null}},"20":{"start":{"line":36,"column":8},"end":{"line":36,"column":null}},"21":{"start":{"line":37,"column":8},"end":{"line":37,"column":null}},"22":{"start":{"line":39,"column":19},"end":{"line":39,"column":37}},"23":{"start":{"line":42,"column":2},"end":{"line":79,"column":null}},"24":{"start":{"line":51,"column":29},"end":{"line":51,"column":null}},"25":{"start":{"line":60,"column":29},"end":{"line":60,"column":null}}},"fnMap":{"0":{"name":"(anonymous_0)","decl":{"start":{"line":5,"column":13},"end":{"line":5,"column":30}},"loc":{"start":{"line":5,"column":30},"end":{"line":81,"column":null}},"line":5},"1":{"name":"(anonymous_1)","decl":{"start":{"line":11,"column":8},"end":{"line":11,"column":24}},"loc":{"start":{"line":11,"column":41},"end":{"line":40,"column":null}},"line":11},"2":{"name":"(anonymous_2)","decl":{"start":{"line":34,"column":7},"end":{"line":34,"column":18}},"loc":{"start":{"line":34,"column":18},"end":{"line":38,"column":7}},"line":34},"3":{"name":"(anonymous_3)","decl":{"start":{"line":39,"column":7},"end":{"line":39,"column":19}},"loc":{"start":{"line":39,"column":19},"end":{"line":39,"column":37}},"line":39},"4":{"name":"(anonymous_4)","decl":{"start":{"line":51,"column":12},"end":{"line":51,"column":23}},"loc":{"start":{"line":51,"column":29},"end":{"line":51,"column":null}},"line":51},"5":{"name":"(anonymous_5)","decl":{"start":{"line":60,"column":12},"end":{"line":60,"column":23}},"loc":{"start":{"line":60,"column":29},"end":{"line":60,"column":null}},"line":60}},"branchMap":{"0":{"loc":{"start":{"line":16,"column":4},"end":{"line":19,"column":null}},"type":"if","locations":[{"start":{"line":16,"column":4},"end":{"line":19,"column":null}},{"start":{},"end":{}}],"line":16},"1":{"loc":{"start":{"line":21,"column":4},"end":{"line":24,"column":null}},"type":"if","locations":[{"start":{"line":21,"column":4},"end":{"line":24,"column":null}},{"start":{},"end":{}}],"line":21},"2":{"loc":{"start":{"line":27,"column":4},"end":{"line":30,"column":null}},"type":"if","locations":[{"start":{"line":27,"column":4},"end":{"line":30,"column":null}},{"start":{},"end":{}}],"line":27},"3":{"loc":{"start":{"line":66,"column":9},"end":{"line":66,"column":null}},"type":"binary-expr","locations":[{"start":{"line":66,"column":9},"end":{"line":66,"column":25}},{"start":{"line":66,"column":25},"end":{"line":66,"column":null}}],"line":66},"4":{"loc":{"start":{"line":73,"column":11},"end":{"line":73,"column":null}},"type":"cond-expr","locations":[{"start":{"line":73,"column":37},"end":{"line":73,"column":55}},{"start":{"line":73,"column":55},"end":{"line":73,"column":null}}],"line":73},"5":{"loc":{"start":{"line":76,"column":9},"end":{"line":76,"column":null}},"type":"binary-expr","locations":[{"start":{"line":76,"column":9},"end":{"line":76,"column":33}},{"start":{"line":76,"column":33},"end":{"line":76,"column":null}}],"line":76},"6":{"loc":{"start":{"line":77,"column":9},"end":{"line":77,"column":null}},"type":"binary-expr","locations":[{"start":{"line":77,"column":9},"end":{"line":77,"column":31}},{"start":{"line":77,"column":31},"end":{"line":77,"column":null}}],"line":77}},"s":{"0":1,"1":14,"2":14,"3":14,"4":14,"5":14,"6":4,"7":4,"8":4,"9":1,"10":1,"11":3,"12":1,"13":1,"14":2,"15":1,"16":1,"17":1,"18":1,"19":1,"20":1,"21":1,"22":0,"23":14,"24":3,"25":2},"f":{"0":14,"1":4,"2":1,"3":0,"4":3,"5":2},"b":{"0":[1,3],"1":[1,2],"2":[1,1],"3":[14,3],"4":[1,13],"5":[14,1],"6":[14,0]},"meta":{"lastBranch":7,"lastFunction":6,"lastStatement":26,"seen":{"s:5:13:81:Infinity":0,"f:5:13:5:30":0,"s:6:26:6:Infinity":1,"s:7:32:7:Infinity":2,"s:8:30:8:Infinity":3,"s:9:42:9:Infinity":4,"s:11:8:40:Infinity":5,"f:11:8:11:24":1,"s:12:4:12:Infinity":6,"s:13:4:13:Infinity":7,"b:16:4:19:Infinity:undefined:undefined:undefined:undefined":0,"s:16:4:19:Infinity":8,"s:17:6:17:Infinity":9,"s:18:6:18:Infinity":10,"b:21:4:24:Infinity:undefined:undefined:undefined:undefined":1,"s:21:4:24:Infinity":11,"s:22:6:22:Infinity":12,"s:23:6:23:Infinity":13,"b:27:4:30:Infinity:undefined:undefined:undefined:undefined":2,"s:27:4:30:Infinity":14,"s:28:6:28:Infinity":15,"s:29:6:29:Infinity":16,"s:32:4:32:Infinity":17,"s:33:4:39:Infinity":18,"f:34:7:34:18":2,"s:35:8:35:Infinity":19,"s:36:8:36:Infinity":20,"s:37:8:37:Infinity":21,"f:39:7:39:19":3,"s:39:19:39:37":22,"s:42:2:79:Infinity":23,"f:51:12:51:23":4,"s:51:29:51:Infinity":24,"f:60:12:60:23":5,"s:60:29:60:Infinity":25,"b:66:9:66:25:66:25:66:Infinity":3,"b:73:37:73:55:73:55:73:Infinity":4,"b:76:9:76:33:76:33:76:Infinity":5,"b:77:9:77:31:77:31:77:Infinity":6},"fnNames":{}}}
,"C:\\Users\\Костя\\Desktop\\First\\vv-work\\src\\pages\\PartnerPage.tsx": {"path":"C:\\Users\\Костя\\Desktop\\First\\vv-work\\src\\pages\\PartnerPage.tsx","statementMap":{"0":{"start":{"line":3,"column":13},"end":{"line":48,"column":null}},"1":{"start":{"line":4,"column":2},"end":{"line":46,"column":null}}},"fnMap":{"0":{"name":"(anonymous_0)","decl":{"start":{"line":3,"column":13},"end":{"line":3,"column":33}},"loc":{"start":{"line":3,"column":33},"end":{"line":48,"column":null}},"line":3}},"branchMap":{},"s":{"0":1,"1":2},"f":{"0":2},"b":{},"meta":{"lastBranch":0,"lastFunction":1,"lastStatement":2,"seen":{"s:3:13:48:Infinity":0,"f:3:13:3:33":0,"s:4:2:46:Infinity":1},"fnNames":{}}}
,"C:\\Users\\Костя\\Desktop\\First\\vv-work\\src\\services\\mockApi.ts": {"path":"C:\\Users\\Костя\\Desktop\\First\\vv-work\\src\\services\\mockApi.ts","statementMap":{"0":{"start":{"line":3,"column":25},"end":{"line":9,"column":null}},"1":{"start":{"line":11,"column":6},"end":{"line":11,"column":null}},"2":{"start":{"line":11,"column":30},"end":{"line":11,"column":null}},"3":{"start":{"line":11,"column":55},"end":{"line":11,"column":78}},"4":{"start":{"line":13,"column":34},"end":{"line":18,"column":null}},"5":{"start":{"line":14,"column":2},"end":{"line":14,"column":null}},"6":{"start":{"line":17,"column":2},"end":{"line":17,"column":null}},"7":{"start":{"line":17,"column":35},"end":{"line":17,"column":59}},"8":{"start":{"line":20,"column":33},"end":{"line":24,"column":null}},"9":{"start":{"line":21,"column":2},"end":{"line":21,"column":null}},"10":{"start":{"line":22,"column":2},"end":{"line":22,"column":null}},"11":{"start":{"line":22,"column":35},"end":{"line":22,"column":null}},"12":{"start":{"line":23,"column":2},"end":{"line":23,"column":null}}},"fnMap":{"0":{"name":"(anonymous_0)","decl":{"start":{"line":11,"column":6},"end":{"line":11,"column":15}},"loc":{"start":{"line":11,"column":30},"end":{"line":11,"column":null}},"line":11},"1":{"name":"(anonymous_1)","decl":{"start":{"line":11,"column":34},"end":{"line":11,"column":43}},"loc":{"start":{"line":11,"column":55},"end":{"line":11,"column":78}},"line":11},"2":{"name":"(anonymous_2)","decl":{"start":{"line":13,"column":34},"end":{"line":13,"column":41}},"loc":{"start":{"line":13,"column":74},"end":{"line":18,"column":null}},"line":13},"3":{"name":"(anonymous_3)","decl":{"start":{"line":17,"column":19},"end":{"line":17,"column":27}},"loc":{"start":{"line":17,"column":35},"end":{"line":17,"column":59}},"line":17},"4":{"name":"(anonymous_4)","decl":{"start":{"line":20,"column":33},"end":{"line":20,"column":40}},"loc":{"start":{"line":20,"column":101},"end":{"line":24,"column":null}},"line":20}},"branchMap":{"0":{"loc":{"start":{"line":22,"column":2},"end":{"line":22,"column":null}},"type":"if","locations":[{"start":{"line":22,"column":2},"end":{"line":22,"column":null}},{"start":{},"end":{}}],"line":22},"1":{"loc":{"start":{"line":22,"column":6},"end":{"line":22,"column":35}},"type":"binary-expr","locations":[{"start":{"line":22,"column":6},"end":{"line":22,"column":20}},{"start":{"line":22,"column":20},"end":{"line":22,"column":35}}],"line":22}},"s":{"0":1,"1":1,"2":3,"3":3,"4":1,"5":1,"6":1,"7":5,"8":1,"9":2,"10":2,"11":1,"12":1},"f":{"0":3,"1":3,"2":1,"3":5,"4":2},"b":{"0":[1,1],"1":[2,1]},"meta":{"lastBranch":2,"lastFunction":5,"lastStatement":13,"seen":{"s:3:25:9:Infinity":0,"s:11:6:11:Infinity":1,"f:11:6:11:15":0,"s:11:30:11:Infinity":2,"f:11:34:11:43":1,"s:11:55:11:78":3,"s:13:34:18:Infinity":4,"f:13:34:13:41":2,"s:14:2:14:Infinity":5,"s:17:2:17:Infinity":6,"f:17:19:17:27":3,"s:17:35:17:59":7,"s:20:33:24:Infinity":8,"f:20:33:20:40":4,"s:21:2:21:Infinity":9,"b:22:2:22:Infinity:undefined:undefined:undefined:undefined":0,"s:22:2:22:Infinity":10,"b:22:6:22:20:22:20:22:35":1,"s:22:35:22:Infinity":11,"s:23:2:23:Infinity":12},"fnNames":{}}}
}
